[14дек.2025 20:45:15.639] [main/INFO] [cpw.mods.modlauncher.Launcher/MODLAUNCHER]: ModLauncher running: args [--launchTarget, forgeclientuserdev, --version, 21.1.125, --assetIndex, 17, --assetsDir, C:\\Users\\Cybershop\\.gradle\\caches\\neoformruntime\\assets, --gameDir, ., --fml.neoForgeVersion, 21.1.125, --fml.fmlVersion, 4.0.37, --fml.mcVersion, 1.21.1, --fml.neoFormVersion, 20240808.144430]
[14дек.2025 20:45:15.645] [main/INFO] [cpw.mods.modlauncher.Launcher/MODLAUNCHER]: JVM identified as Oracle Corporation Java HotSpot(TM) 64-Bit Server VM 21.0.6+8-LTS-188
[14дек.2025 20:45:15.647] [main/INFO] [cpw.mods.modlauncher.Launcher/MODLAUNCHER]: ModLauncher 11.0.4+main.d2e20e43 starting: java version 21.0.6 by Oracle Corporation; OS Windows 11 arch amd64 version 10.0
[14дек.2025 20:45:15.795] [main/INFO] [net.neoforged.fml.loading.ImmediateWindowHandler/]: Loading ImmediateWindowProvider fmlearlywindow
[14дек.2025 20:45:15.949] [main/INFO] [EARLYDISPLAY/]: Trying GL version 4.6
[14дек.2025 20:45:16.097] [main/INFO] [EARLYDISPLAY/]: Requested GL version 4.6 got version 4.6
[14дек.2025 20:45:16.232] [main/INFO] [mixin/]: SpongePowered MIXIN Subsystem Version=0.8.7 Source=union:/C:/Users/Cybershop/.gradle/caches/modules-2/files-2.1/net.fabricmc/sponge-mixin/0.15.2+mixin.0.8.7/2af2f021d8e02a0220dc27a7a72b4666d66d44ca/sponge-mixin-0.15.2+mixin.0.8.7.jar%23131!/ Service=ModLauncher Env=CLIENT
[14дек.2025 20:45:16.430] [pool-2-thread-1/INFO] [EARLYDISPLAY/]: GL info: NVIDIA GeForce RTX 3060/PCIe/SSE2 GL version 4.6.0 NVIDIA 581.80, NVIDIA Corporation
[14дек.2025 20:45:16.702] [main/INFO] [net.neoforged.fml.loading.moddiscovery.locators.JarInJarDependencyLocator/]: Found 3 dependencies adding them to mods collection
[14дек.2025 20:45:16.705] [main/INFO] [net.neoforged.fml.loading.moddiscovery.ModDiscoverer/]: 
     Mod List:
		Name Version (Mod Id)

		Avilix Radio Mod 1.0.0 (avilixradiomod)
		Minecraft 1.21.1 (minecraft)
		NeoForge 21.1.125 (neoforge)
[14дек.2025 20:45:17.972] [main/INFO] [cpw.mods.modlauncher.LaunchServiceHandler/MODLAUNCHER]: Launching target 'forgeclientuserdev' with arguments [--version, 21.1.125, --gameDir, ., --assetsDir, C:\Users\Cybershop\.gradle\caches\neoformruntime\assets, --assetIndex, 17]
[14дек.2025 20:45:20.076] [Datafixer Bootstrap/INFO] [com.mojang.datafixers.DataFixerBuilder/]: 229 Datafixer optimizations took 514 milliseconds
[14дек.2025 20:45:20.303] [pool-7-thread-1/INFO] [MixinExtras|Service/]: Initializing MixinExtras via com.llamalad7.mixinextras.service.MixinExtrasServiceImpl(version=0.4.1).
[14дек.2025 20:45:26.510] [main/WARN] [net.minecraft.commands.Commands/]: Ambiguity between arguments [teleport, location] and [teleport, destination] with inputs: [0.1 -0.5 .9, 0 0 0]
[14дек.2025 20:45:26.513] [main/WARN] [net.minecraft.commands.Commands/]: Ambiguity between arguments [teleport, location] and [teleport, targets] with inputs: [0.1 -0.5 .9, 0 0 0]
[14дек.2025 20:45:26.516] [main/WARN] [net.minecraft.commands.Commands/]: Ambiguity between arguments [teleport, destination] and [teleport, targets] with inputs: [Player, 0123, @e, dd12be42-52a9-4a91-a8a1-11c01849e498]
[14дек.2025 20:45:26.519] [main/WARN] [net.minecraft.commands.Commands/]: Ambiguity between arguments [teleport, targets] and [teleport, destination] with inputs: [Player, 0123, dd12be42-52a9-4a91-a8a1-11c01849e498]
[14дек.2025 20:45:26.521] [main/WARN] [net.minecraft.commands.Commands/]: Ambiguity between arguments [teleport, targets, location] and [teleport, targets, destination] with inputs: [0.1 -0.5 .9, 0 0 0]
[14дек.2025 20:45:26.671] [Render thread/WARN] [net.minecraft.server.packs.VanillaPackResourcesBuilder/]: Assets URL 'union:/E:/avilixradiomod-neoforge-1.21.1/build/moddev/artifacts/neoforge-21.1.125.jar%23184!/assets/.mcassetsroot' uses unexpected schema
[14дек.2025 20:45:26.671] [Render thread/WARN] [net.minecraft.server.packs.VanillaPackResourcesBuilder/]: Assets URL 'union:/E:/avilixradiomod-neoforge-1.21.1/build/moddev/artifacts/neoforge-21.1.125.jar%23184!/data/.mcassetsroot' uses unexpected schema
[14дек.2025 20:45:26.736] [Render thread/INFO] [[14дек.2025 20:45:30.014] [main/WARN] [net.minecraft.commands.Commands/]: Ambiguity between arguments [teleport, location] and [teleport, destination] with inputs: [0.1 -0.5 .9, 0 0 0]
[14дек.2025 20:45:30.017] [main/WARN] [net.minecraft.commands.Commands/]: Ambiguity between arguments [teleport, location] and [teleport, targets] with inputs: [0.1 -0.5 .9, 0 0 0]
[14дек.2025 20:45:30.021] [main/WARN] [net.minecraft.commands.Commands/]: Ambiguity between arguments [teleport, destination] and [teleport, targets] with inputs: [Player, 0123, @e, dd12be42-52a9-4a91-a8a1-11c01849e498]
[14дек.2025 20:45:30.025] [main/WARN] [net.minecraft.commands.Commands/]: Ambiguity between arguments [teleport, targets] and [teleport, destination] with inputs: [Player, 0123, dd12be42-52a9-4a91-a8a1-11c01849e498]
[14дек.2025 20:45:30.027] [main/WARN] [net.minecraft.commands.Commands/]: Ambiguity between arguments [teleport, targets, location] and [teleport, targets, destination] with inputs: [0.1 -0.5 .9, 0 0 0]
[14дек.2025 20:45:30.138] [modloading-worker-0/INFO] [net.neoforged.neoforge.common.NeoForgeMod/NEOFORGE-MOD]: NeoForge mod loading, version 21.1.125, for MC 1.21.1
[14дек.2025 20:45:30.556] [main/INFO] [com.mojang.authlib.yggdrasil.YggdrasilAuthenticationService/]: Environment: Environment[sessionHost=https://sessionserver.mojang.com, servicesHost=https://api.minecraftservices.com, name=PROD]
[14дек.2025 20:45:30.701] [main/WARN] [net.minecraft.server.packs.VanillaPackResourcesBuilder/]: Assets URL 'union:/E:/avilixradiomod-neoforge-1.21.1/build/moddev/artifacts/neoforge-21.1.125.jar%23120!/assets/.mcassetsroot' uses unexpected schema
[14дек.2025 20:45:30.701] [main/WARN] [net.minecraft.server.packs.VanillaPackResourcesBuilder/]: Assets URL 'union:/E:/avilixradiomod-neoforge-1.21.1/build/moddev/artifacts/neoforge-21.1.125.jar%23120!/data/.mcassetsroot' uses unexpected schema
[14дек.2025 20:45:31.990] [main/INFO] [net.minecraft.world.item.crafting.RecipeManager/]: Loaded 1290 recipes
[14дек.2025 20:45:32.193] [main/INFO] [net.minecraft.advancements.AdvancementTree/]: Loaded 1399 advancements
[14дек.2025 20:45:32.946] [Server thread/INFO] [net.minecraft.server.dedicated.DedicatedServer/]: Starting minecraft server version 1.21.1
[14дек.2025 20:45:32.947] [Server thread/INFO] [net.minecraft.server.dedicated.DedicatedServer/]: Loading properties
[14дек.2025 20:45:32.947] [Server thread/INFO] [net.minecraft.server.dedicated.DedicatedServer/]: Default game type: SURVIVAL
[14дек.2025 20:45:32.947] [Server thread/INFO] [net.minecraft.server.MinecraftServer/]: Generating keypair
[14дек.2025 20:45:33.077] [Server thread/INFO] [net.minecraft.server.dedicated.DedicatedServer/]: Starting Minecraft server on *:25565
[14дек.2025 20:45:33.157] [Server thread/INFO] [net.minecraft.server.network.ServerConnectionListener/]: Using default channel type
[14дек.2025 20:45:33.191] [Server thread/WARN] [net.minecraft.server.dedicated.DedicatedServer/]: **** SERVER IS RUNNING IN OFFLINE/INSECURE MODE!
[14дек.2025 20:45:33.192] [Server thread/WARN] [net.minecraft.server.dedicated.DedicatedServer/]: The server will make no attempt to authenticate usernames. Beware.
[14дек.2025 20:45:33.192] [Server thread/WARN] [net.minecraft.server.dedicated.DedicatedServer/]: While this makes the game possible to play without internet access, it also opens up the ability for hackers to connect with any username they choose.
[14дек.2025 20:45:33.192] [Server thread/WARN] [net.minecraft.server.dedicated.DedicatedServer/]: To change this, set "online-mode" to "true" in the server.properties file.
[14дек.2025 20:45:33.228] [Server thread/INFO] [net.minecraft.server.dedicated.DedicatedServer/]: Preparing level "world"
[14дек.2025 20:45:33.996] [Server thread/INFO] [net.minecraft.server.MinecraftServer/]: Preparing start region for dimension minecraft:overworld
[14дек.2025 20:45:34.263] [worldgen/INFO] [net.minecraft.server.level.progress.LoggerChunkProgressListener/]: Preparing spawn area: 0%
[14дек.2025 20:45:34.354] [Server thread/INFO] [net.minecraft.server.level.progress.LoggerChunkProgressListener/]: Time elapsed: 356 ms
[14дек.2025 20:45:34.354] [Server thread/INFO] [net.minecraft.server.dedicated.DedicatedServer/]: Done (1.151s)! For help, type "help"
[14дек.2025 20:45:34.393] [Server thread/INFO] [net.neoforged.neoforge.gametest.GameTestHooks/]: Enabled Gametest Namespaces: []
[14дек.2025 20:45:34.405] [Server thread/INFO] [net.neoforged.neoforge.server.perm[14дек.2025 20:45:39.669] [Render thread/INFO] [net.minecraft.client.gui.screens.ConnectScr[14дек.2025 20:45:42.314] [Server thread/INFO] [net[14дек.2025 20:45:42.928] [Render thread/INFO] [net.minecraft.advancements.AdvancementTree/]: Loaded 2 advancements
[14дек.2025 20:45:44.786] [Render thread/WARN] [net.minecraft.client.sounds.SoundEngine/SOUNDS]: Unable to play empty soundEvent: minecraft:entit[14дек.2025 20:46:16.464] [Server thread/INFO] [net.minecraft.server.network.ServerGamePacketListenerImpl/]: Dev lost connection: Disconnected
[14дек.2025 20:46:16.464] [Server thread/INFO] [net.minecraft.server.MinecraftServer/]: Dev left the game
[14дек.2025 20:46:17.409] [Server thread/INFO] [net.minecraft.server.MinecraftServer/]: Stopping server
[14дек.2025 20:46:17.409] [Server thread/INFO] [net.minecraft.server.MinecraftServer/]: Saving players
[14дек.2025 20:46:17.409] [Server thread/INFO] [net.minecraft.server.MinecraftServer/]: Saving worlds
[14дек.2025 20:46:17.450] [Server thread/INFO] [net.minecraft.server.MinecraftServer/]: Saving chunks for level 'ServerLevel[world]'/minecraft:overworld
[14дек.2025 20:46:17.465] [Server thread/INFO] [net.minecraft.server.MinecraftServer/]: Saving chunks for level 'ServerLevel[world]'/minecraft:the_end
[14дек.2025 20:46:17.471] [Server thread/INFO] [net.minecraft.server.MinecraftServer/]: Saving chunks for level 'ServerLevel[world]'/minecraft:the_nether
[14дек.2025 20:46:17.479] [Server thread/INFO] [net.minecraft.server.MinecraftServer/]: ThreadedAnvilChunkStorage (world): All chunks are saved
[14дек.2025 20:46:17.479] [Server thread/INFO] [net.minecraft.server.MinecraftServer/]: ThreadedAnvilChunkStorage (DIM1): All chunks are saved
[14дек.2025 20:46:17.479] [Server thread/INFO] [net.minecraft.server.MinecraftServer/]: ThreadedAnvilChunkStorage (DIM-1): All chunks are saved
[14дек.2025 20:46:17.480] [Server thread/INFO] [net.minecraft.server.MinecraftServer/]: ThreadedAnvilChunkStorage: All dimensions are saved
